<?xml version="1.0" encoding="UTF-8"?>
<testsuite name="com.example.flywaymigration.demo.FlywaymigrationApplicationTests" tests="1" skipped="0" failures="0" errors="0" timestamp="2022-11-05T22:21:20" hostname="bootes" time="0.309">
  <properties/>
  <testcase name="contextLoads()" classname="com.example.flywaymigration.demo.FlywaymigrationApplicationTests" time="0.309"/>
  <system-out><![CDATA[16:21:18.962 [Test worker] DEBUG org.springframework.test.context.BootstrapUtils - Instantiating CacheAwareContextLoaderDelegate from class [org.springframework.test.context.cache.DefaultCacheAwareContextLoaderDelegate]
16:21:18.969 [Test worker] DEBUG org.springframework.test.context.BootstrapUtils - Instantiating BootstrapContext using constructor [public org.springframework.test.context.support.DefaultBootstrapContext(java.lang.Class,org.springframework.test.context.CacheAwareContextLoaderDelegate)]
16:21:18.992 [Test worker] DEBUG org.springframework.test.context.BootstrapUtils - Instantiating TestContextBootstrapper for test class [com.example.flywaymigration.demo.FlywaymigrationApplicationTests] from class [org.springframework.boot.test.context.SpringBootTestContextBootstrapper]
16:21:19.001 [Test worker] INFO org.springframework.boot.test.context.SpringBootTestContextBootstrapper - Neither @ContextConfiguration nor @ContextHierarchy found for test class [com.example.flywaymigration.demo.FlywaymigrationApplicationTests], using SpringBootContextLoader
16:21:19.004 [Test worker] DEBUG org.springframework.test.context.support.AbstractContextLoader - Did not detect default resource location for test class [com.example.flywaymigration.demo.FlywaymigrationApplicationTests]: class path resource [com/example/flywaymigration/demo/FlywaymigrationApplicationTests-context.xml] does not exist
16:21:19.005 [Test worker] DEBUG org.springframework.test.context.support.AbstractContextLoader - Did not detect default resource location for test class [com.example.flywaymigration.demo.FlywaymigrationApplicationTests]: class path resource [com/example/flywaymigration/demo/FlywaymigrationApplicationTestsContext.groovy] does not exist
16:21:19.005 [Test worker] INFO org.springframework.test.context.support.AbstractContextLoader - Could not detect default resource locations for test class [com.example.flywaymigration.demo.FlywaymigrationApplicationTests]: no resource found for suffixes {-context.xml, Context.groovy}.
16:21:19.006 [Test worker] INFO org.springframework.test.context.support.AnnotationConfigContextLoaderUtils - Could not detect default configuration classes for test class [com.example.flywaymigration.demo.FlywaymigrationApplicationTests]: FlywaymigrationApplicationTests does not declare any static, non-private, non-final, nested classes annotated with @Configuration.
16:21:19.037 [Test worker] DEBUG org.springframework.test.context.support.ActiveProfilesUtils - Could not find an 'annotation declaring class' for annotation type [org.springframework.test.context.ActiveProfiles] and class [com.example.flywaymigration.demo.FlywaymigrationApplicationTests]
16:21:19.070 [Test worker] DEBUG org.springframework.context.annotation.ClassPathScanningCandidateComponentProvider - Identified candidate component class: file [/Users/amontero/Developer/PERSONAL/java/flyway/build/classes/java/main/com/example/flywaymigration/demo/FlywaymigrationApplication.class]
16:21:19.071 [Test worker] INFO org.springframework.boot.test.context.SpringBootTestContextBootstrapper - Found @SpringBootConfiguration com.example.flywaymigration.demo.FlywaymigrationApplication for test class com.example.flywaymigration.demo.FlywaymigrationApplicationTests
16:21:19.126 [Test worker] DEBUG org.springframework.boot.test.context.SpringBootTestContextBootstrapper - @TestExecutionListeners is not present for class [com.example.flywaymigration.demo.FlywaymigrationApplicationTests]: using defaults.
16:21:19.126 [Test worker] INFO org.springframework.boot.test.context.SpringBootTestContextBootstrapper - Loaded default TestExecutionListener class names from location [META-INF/spring.factories]: [org.springframework.boot.test.autoconfigure.restdocs.RestDocsTestExecutionListener, org.springframework.boot.test.autoconfigure.web.client.MockRestServiceServerResetTestExecutionListener, org.springframework.boot.test.autoconfigure.web.servlet.MockMvcPrintOnlyOnFailureTestExecutionListener, org.springframework.boot.test.autoconfigure.web.servlet.WebDriverTestExecutionListener, org.springframework.boot.test.autoconfigure.webservices.client.MockWebServiceServerTestExecutionListener, org.springframework.boot.test.mock.mockito.MockitoTestExecutionListener, org.springframework.boot.test.mock.mockito.ResetMocksTestExecutionListener, org.springframework.test.context.web.ServletTestExecutionListener, org.springframework.test.context.support.DirtiesContextBeforeModesTestExecutionListener, org.springframework.test.context.event.ApplicationEventsTestExecutionListener, org.springframework.test.context.support.DependencyInjectionTestExecutionListener, org.springframework.test.context.support.DirtiesContextTestExecutionListener, org.springframework.test.context.transaction.TransactionalTestExecutionListener, org.springframework.test.context.jdbc.SqlScriptsTestExecutionListener, org.springframework.test.context.event.EventPublishingTestExecutionListener]
16:21:19.134 [Test worker] DEBUG org.springframework.boot.test.context.SpringBootTestContextBootstrapper - Skipping candidate TestExecutionListener [org.springframework.test.context.transaction.TransactionalTestExecutionListener] due to a missing dependency. Specify custom listener classes or make the default listener classes and their required dependencies available. Offending class: [org/springframework/transaction/interceptor/TransactionAttributeSource]
16:21:19.134 [Test worker] DEBUG org.springframework.boot.test.context.SpringBootTestContextBootstrapper - Skipping candidate TestExecutionListener [org.springframework.test.context.jdbc.SqlScriptsTestExecutionListener] due to a missing dependency. Specify custom listener classes or make the default listener classes and their required dependencies available. Offending class: [org/springframework/transaction/interceptor/TransactionAttribute]
16:21:19.135 [Test worker] INFO org.springframework.boot.test.context.SpringBootTestContextBootstrapper - Using TestExecutionListeners: [org.springframework.test.context.web.ServletTestExecutionListener@73163d48, org.springframework.test.context.support.DirtiesContextBeforeModesTestExecutionListener@58c34bb3, org.springframework.test.context.event.ApplicationEventsTestExecutionListener@56a4479a, org.springframework.boot.test.mock.mockito.MockitoTestExecutionListener@62163b39, org.springframework.boot.test.autoconfigure.SpringBootDependencyInjectionTestExecutionListener@20a8a64e, org.springframework.test.context.support.DirtiesContextTestExecutionListener@62f4ff3b, org.springframework.test.context.event.EventPublishingTestExecutionListener@1698fc68, org.springframework.boot.test.autoconfigure.restdocs.RestDocsTestExecutionListener@4504d271, org.springframework.boot.test.autoconfigure.web.client.MockRestServiceServerResetTestExecutionListener@207b8649, org.springframework.boot.test.autoconfigure.web.servlet.MockMvcPrintOnlyOnFailureTestExecutionListener@65b3a85a, org.springframework.boot.test.autoconfigure.web.servlet.WebDriverTestExecutionListener@34997338, org.springframework.boot.test.autoconfigure.webservices.client.MockWebServiceServerTestExecutionListener@57eda880, org.springframework.boot.test.mock.mockito.ResetMocksTestExecutionListener@2b5825fa]
16:21:19.137 [Test worker] DEBUG org.springframework.test.context.support.AbstractDirtiesContextTestExecutionListener - Before test class: context [DefaultTestContext@15cafec7 testClass = FlywaymigrationApplicationTests, testInstance = [null], testMethod = [null], testException = [null], mergedContextConfiguration = [WebMergedContextConfiguration@5b444398 testClass = FlywaymigrationApplicationTests, locations = '{}', classes = '{class com.example.flywaymigration.demo.FlywaymigrationApplication}', contextInitializerClasses = '[]', activeProfiles = '{}', propertySourceLocations = '{}', propertySourceProperties = '{org.springframework.boot.test.context.SpringBootTestContextBootstrapper=true}', contextCustomizers = set[org.springframework.boot.test.autoconfigure.actuate.metrics.MetricsExportContextCustomizerFactory$DisableMetricExportContextCustomizer@2141a12, org.springframework.boot.test.autoconfigure.properties.PropertyMappingContextCustomizer@0, org.springframework.boot.test.autoconfigure.web.servlet.WebDriverContextCustomizerFactory$Customizer@71329995, org.springframework.boot.test.context.filter.ExcludeFilterContextCustomizer@4ddbbdf8, org.springframework.boot.test.json.DuplicateJsonObjectContextCustomizerFactory$DuplicateJsonObjectContextCustomizer@1115ec15, org.springframework.boot.test.mock.mockito.MockitoContextCustomizer@0, org.springframework.boot.test.web.client.TestRestTemplateContextCustomizer@7393222f, org.springframework.boot.test.context.SpringBootTestArgs@1, org.springframework.boot.test.context.SpringBootTestWebEnvironment@d35dea7], resourceBasePath = 'src/main/webapp', contextLoader = 'org.springframework.boot.test.context.SpringBootContextLoader', parent = [null]], attributes = map['org.springframework.test.context.web.ServletTestExecutionListener.activateListener' -> true]], class annotated with @DirtiesContext [false] with mode [null].

  .   ____          _            __ _ _
 /\\ / ___'_ __ _ _(_)_ __  __ _ \ \ \ \
( ( )\___ | '_ | '_| | '_ \/ _` | \ \ \ \
 \\/  ___)| |_)| | | | | || (_| |  ) ) ) )
  '  |____| .__|_| |_|_| |_\__, | / / / /
 =========|_|==============|___/=/_/_/_/
 :: Spring Boot ::                (v2.7.5)

2022-11-05 16:21:19.330  INFO 36527 --- [    Test worker] c.e.f.d.FlywaymigrationApplicationTests  : Starting FlywaymigrationApplicationTests using Java 17.0.5 on bootes with PID 36527 (started by amontero in /Users/amontero/Developer/PERSONAL/java/flyway)
2022-11-05 16:21:19.331  INFO 36527 --- [    Test worker] c.e.f.d.FlywaymigrationApplicationTests  : No active profile set, falling back to 1 default profile: "default"
2022-11-05 16:21:20.150  INFO 36527 --- [    Test worker] c.e.f.d.FlywaymigrationApplicationTests  : Started FlywaymigrationApplicationTests in 0.987 seconds (JVM running for 1.729)
]]></system-out>
  <system-err><![CDATA[]]></system-err>
</testsuite>
